# JRE version: Java(TM) SE Runtime Environment (8.0_261-b12) (build 1.8.0_261-b12)
# Java VM: Java HotSpot(TM) 64-Bit Server VM (25.261-b12 mixed mode windows-amd64 compressed oops)
Heap:
 PSYoungGen      total 946176K, used 807151K [0x000000076bb00000, 0x00000007a8900000, 0x00000007c0000000)
  eden space 934912K, 86% used [0x000000076bb00000,0x000000079cf3bd98,0x00000007a4c00000)
  from space 11264K, 0% used [0x00000007a4c00000,0x00000007a4c00000,0x00000007a5700000)
  to   space 31232K, 0% used [0x00000007a6a80000,0x00000007a6a80000,0x00000007a8900000)
 ParOldGen       total 195584K, used 49945K [0x00000006c3000000, 0x00000006cef00000, 0x000000076bb00000)
  object space 195584K, 25% used [0x00000006c3000000,0x00000006c60c65b8,0x00000006cef00000)
 Metaspace       used 107586K, capacity 112990K, committed 113368K, reserved 1148928K
  class space    used 12484K, capacity 13463K, committed 13568K, reserved 1048576K
GC Heap History (10 events):
Event: 2185.495 GC heap before
{Heap before GC invocations=35 (full 10):
 PSYoungGen      total 918016K, used 16725K [0x000000076bb00000, 0x00000007a8b00000, 0x00000007c0000000)
  eden space 884224K, 0% used [0x000000076bb00000,0x000000076bb00000,0x00000007a1a80000)
  from space 33792K, 49% used [0x00000007a1a80000,0x00000007a2ad5720,0x00000007a3b80000)
  to   space 32256K, 0% used [0x00000007a6b80000,0x00000007a6b80000,0x00000007a8b00000)
 ParOldGen       total 195584K, used 43511K [0x00000006c3000000, 0x00000006cef00000, 0x000000076bb00000)
  object space 195584K, 22% used [0x00000006c3000000,0x00000006c5a7dd88,0x00000006cef00000)
 Metaspace       used 97421K, capacity 102610K, committed 102744K, reserved 1138688K
  class space    used 11679K, capacity 12581K, committed 12672K, reserved 1048576K
Event: 2185.651 GC heap after
Heap after GC invocations=35 (full 10):
 PSYoungGen      total 918016K, used 0K [0x000000076bb00000, 0x00000007a8b00000, 0x00000007c0000000)
  eden space 884224K, 0% used [0x000000076bb00000,0x000000076bb00000,0x00000007a1a80000)
  from space 33792K, 0% used [0x00000007a1a80000,0x00000007a1a80000,0x00000007a3b80000)
  to   space 32256K, 0% used [0x00000007a6b80000,0x00000007a6b80000,0x00000007a8b00000)
 ParOldGen       total 195584K, used 51677K [0x00000006c3000000, 0x00000006cef00000, 0x000000076bb00000)
  object space 195584K, 26% used [0x00000006c3000000,0x00000006c6277558,0x00000006cef00000)
 Metaspace       used 97298K, capacity 102416K, committed 102744K, reserved 1138688K
  class space    used 11673K, capacity 12568K, committed 12672K, reserved 1048576K
}
Event: 2243.496 GC heap before
{Heap before GC invocations=36 (full 10):
 PSYoungGen      total 918016K, used 831189K [0x000000076bb00000, 0x00000007a8b00000, 0x00000007c0000000)
  eden space 884224K, 94% used [0x000000076bb00000,0x000000079e6b57e0,0x00000007a1a80000)
  from space 33792K, 0% used [0x00000007a1a80000,0x00000007a1a80000,0x00000007a3b80000)
  to   space 32256K, 0% used [0x00000007a6b80000,0x00000007a6b80000,0x00000007a8b00000)
 ParOldGen       total 195584K, used 51677K [0x00000006c3000000, 0x00000006cef00000, 0x000000076bb00000)
  object space 195584K, 26% used [0x00000006c3000000,0x00000006c6277558,0x00000006cef00000)
 Metaspace       used 100762K, capacity 106054K, committed 106072K, reserved 1142784K
  class space    used 11966K, capacity 12928K, committed 12928K, reserved 1048576K
Event: 2243.505 GC heap after
Heap after GC invocations=36 (full 10):
 PSYoungGen      total 967168K, used 10820K [0x000000076bb00000, 0x00000007a8b00000, 0x00000007c0000000)
  eden space 934912K, 0% used [0x000000076bb00000,0x000000076bb00000,0x00000007a4c00000)
  from space 32256K, 33% used [0x00000007a6b80000,0x00000007a76113e0,0x00000007a8b00000)
  to   space 32256K, 0% used [0x00000007a4c00000,0x00000007a4c00000,0x00000007a6b80000)
 ParOldGen       total 195584K, used 51685K [0x00000006c3000000, 0x00000006cef00000, 0x000000076bb00000)
  object space 195584K, 26% used [0x00000006c3000000,0x00000006c6279558,0x00000006cef00000)
 Metaspace       used 100762K, capacity 106054K, committed 106072K, reserved 1142784K
  class space    used 11966K, capacity 12928K, committed 12928K, reserved 1048576K
}
Event: 2243.505 GC heap before
{Heap before GC invocations=37 (full 11):
 PSYoungGen      total 967168K, used 10820K [0x000000076bb00000, 0x00000007a8b00000, 0x00000007c0000000)
  eden space 934912K, 0% used [0x000000076bb00000,0x000000076bb00000,0x00000007a4c00000)
  from space 32256K, 33% used [0x00000007a6b80000,0x00000007a76113e0,0x00000007a8b00000)
  to   space 32256K, 0% used [0x00000007a4c00000,0x00000007a4c00000,0x00000007a6b80000)
 ParOldGen       total 195584K, used 51685K [0x00000006c3000000, 0x00000006cef00000, 0x000000076bb00000)
  object space 195584K, 26% used [0x00000006c3000000,0x00000006c6279558,0x00000006cef00000)
 Metaspace       used 100762K, capacity 106054K, committed 106072K, reserved 1142784K
  class space    used 11966K, capacity 12928K, committed 12928K, reserved 1048576K
Event: 2243.708 GC heap after
Heap after GC invocations=37 (full 11):
 PSYoungGen      total 967168K, used 0K [0x000000076bb00000, 0x00000007a8b00000, 0x00000007c0000000)
  eden space 934912K, 0% used [0x000000076bb00000,0x000000076bb00000,0x00000007a4c00000)
  from space 32256K, 0% used [0x00000007a6b80000,0x00000007a6b80000,0x00000007a8b00000)
  to   space 32256K, 0% used [0x00000007a4c00000,0x00000007a4c00000,0x00000007a6b80000)
 ParOldGen       total 195584K, used 47844K [0x00000006c3000000, 0x00000006cef00000, 0x000000076bb00000)
  object space 195584K, 24% used [0x00000006c3000000,0x00000006c5eb9070,0x00000006cef00000)
 Metaspace       used 100741K, capacity 106018K, committed 106072K, reserved 1142784K
  class space    used 11963K, capacity 12921K, committed 12928K, reserved 1048576K
}
Event: 2250.968 GC heap before
{Heap before GC invocations=38 (full 11):
 PSYoungGen      total 967168K, used 788587K [0x000000076bb00000, 0x00000007a8b00000, 0x00000007c0000000)
  eden space 934912K, 84% used [0x000000076bb00000,0x000000079bd1ad08,0x00000007a4c00000)
  from space 32256K, 0% used [0x00000007a6b80000,0x00000007a6b80000,0x00000007a8b00000)
  to   space 32256K, 0% used [0x00000007a4c00000,0x00000007a4c00000,0x00000007a6b80000)
 ParOldGen       total 195584K, used 47844K [0x00000006c3000000, 0x00000006cef00000, 0x000000076bb00000)
  object space 195584K, 24% used [0x00000006c3000000,0x00000006c5eb9070,0x00000006cef00000)
 Metaspace       used 104093K, capacity 109500K, committed 109784K, reserved 1146880K
  class space    used 12227K, capacity 13197K, committed 13312K, reserved 1048576K
Event: 2250.975 GC heap after
Heap after GC invocations=38 (full 11):
 PSYoungGen      total 946176K, used 10996K [0x000000076bb00000, 0x00000007a8900000, 0x00000007c0000000)
  eden space 934912K, 0% used [0x000000076bb00000,0x000000076bb00000,0x00000007a4c00000)
  from space 11264K, 97% used [0x00000007a4c00000,0x00000007a56bd170,0x00000007a5700000)
  to   space 31232K, 0% used [0x00000007a6a80000,0x00000007a6a80000,0x00000007a8900000)
 ParOldGen       total 195584K, used 47852K [0x00000006c3000000, 0x00000006cef00000, 0x000000076bb00000)
  object space 195584K, 24% used [0x00000006c3000000,0x00000006c5ebb070,0x00000006cef00000)
 Metaspace       used 104093K, capacity 109500K, committed 109784K, reserved 1146880K
  class space    used 12227K, capacity 13197K, committed 13312K, reserved 1048576K
}
Event: 2250.975 GC heap before
{Heap before GC invocations=39 (full 12):
 PSYoungGen      total 946176K, used 10996K [0x000000076bb00000, 0x00000007a8900000, 0x00000007c0000000)
  eden space 934912K, 0% used [0x000000076bb00000,0x000000076bb00000,0x00000007a4c00000)
  from space 11264K, 97% used [0x00000007a4c00000,0x00000007a56bd170,0x00000007a5700000)
  to   space 31232K, 0% used [0x00000007a6a80000,0x00000007a6a80000,0x00000007a8900000)
 ParOldGen       total 195584K, used 47852K [0x00000006c3000000, 0x00000006cef00000, 0x000000076bb00000)
  object space 195584K, 24% used [0x00000006c3000000,0x00000006c5ebb070,0x00000006cef00000)
 Metaspace       used 104093K, capacity 109500K, committed 109784K, reserved 1146880K
  class space    used 12227K, capacity 13197K, committed 13312K, reserved 1048576K
Event: 2251.125 GC heap after
Heap after GC invocations=39 (full 12):
 PSYoungGen      total 946176K, used 0K [0x000000076bb00000, 0x00000007a8900000, 0x00000007c0000000)
  eden space 934912K, 0% used [0x000000076bb00000,0x000000076bb00000,0x00000007a4c00000)
  from space 11264K, 0% used [0x00000007a4c00000,0x00000007a4c00000,0x00000007a5700000)
  to   space 31232K, 0% used [0x00000007a6a80000,0x00000007a6a80000,0x00000007a8900000)
 ParOldGen       total 195584K, used 49945K [0x00000006c3000000, 0x00000006cef00000, 0x000000076bb00000)
  object space 195584K, 25% used [0x00000006c3000000,0x00000006c60c65b8,0x00000006cef00000)
 Metaspace       used 104072K, capacity 109464K, committed 109784K, reserved 1146880K
  class space    used 12224K, capacity 13190K, committed 13312K, reserved 1048576K
}

